0:100  0:100  MemLog inited, TSC freq: 2904430050
0:100  0:000  CPU was calibrated with RTC
0:100  0:000  
0:100  0:000  Now is 6.3.2019,  11:0:51 (GMT)
0:100  0:000  Starting Clover revision: 4895 on American Megatrends EFI
0:100  0:000  Build with: [Args: -nb -mc --no-usb -D NO_GRUB_DRIVERS_EMBEDDED | -D DISABLE_USB_SUPPORT -D NO_GRUB_DRIVERS_EMBEDDED -D USE_BIOS_BLOCKIO -D USE_LOW_EBDA -D HAVE_LEGACY_EMURUNTIMEDXE -a X64 -b RELEASE -t XCODE8 -n 5 | OS: 10.13.6 | XCODE: 10.1]
0:100  0:000  SelfDevicePath=PciRoot(0x0)\Pci(0x1B,0x4)\Pci(0x0,0x0)\NVMe(0x1,00-00-00-00-00-00-00-00)\HD(4,GPT,92635436-8781-40F9-B2B1-AAD7C9CA0D7F,0x3BA31000,0xDD000) @35B2CF98
0:100  0:000  SelfDirPath = \EFI\BOOT
0:100  0:000  === [ Get Smbios ] ========================================
0:109  0:009  Type 16 Index = 0
0:109  0:000  Total Memory Slots Count = 4
0:109  0:000  Type 17 Index = 0
0:109  0:000  SmbiosTable.Type17->Speed = 2667MHz
0:109  0:000  SmbiosTable.Type17->Size = 16384MB
0:109  0:000  SmbiosTable.Type17->Bank/Device = BANK 0 ChannelA-DIMM0
0:109  0:000  SmbiosTable.Type17->Vendor = 04CB
0:109  0:000  SmbiosTable.Type17->SerialNumber = 0D340100
0:109  0:000  SmbiosTable.Type17->PartNumber =                     
0:109  0:000  Type 17 Index = 1
0:109  0:000  Ignoring insane frequency value 0MHz
0:109  0:000  SmbiosTable.Type17->Speed = 0MHz
0:109  0:000  SmbiosTable.Type17->Size = 0MB
0:109  0:000  SmbiosTable.Type17->Bank/Device = BANK 1 ChannelA-DIMM1
0:109  0:000  SmbiosTable.Type17->Vendor = <null string>
0:109  0:000  SmbiosTable.Type17->SerialNumber = <null string>
0:109  0:000  SmbiosTable.Type17->PartNumber = <null string>
0:109  0:000  Type 17 Index = 2
0:109  0:000  SmbiosTable.Type17->Speed = 2667MHz
0:109  0:000  SmbiosTable.Type17->Size = 16384MB
0:109  0:000  SmbiosTable.Type17->Bank/Device = BANK 2 ChannelB-DIMM0
0:109  0:000  SmbiosTable.Type17->Vendor = Samsung
0:109  0:000  SmbiosTable.Type17->SerialNumber = 41C725E4
0:109  0:000  SmbiosTable.Type17->PartNumber = M471A2K43CB1-CTD    
0:109  0:000  Type 17 Index = 3
0:109  0:000  Ignoring insane frequency value 0MHz
0:109  0:000  SmbiosTable.Type17->Speed = 0MHz
0:109  0:000  SmbiosTable.Type17->Size = 0MB
0:109  0:000  SmbiosTable.Type17->Bank/Device = BANK 3 ChannelB-DIMM1
0:109  0:000  SmbiosTable.Type17->Vendor = <null string>
0:109  0:000  SmbiosTable.Type17->SerialNumber = <null string>
0:109  0:000  SmbiosTable.Type17->PartNumber = <null string>
0:109  0:000  Boot status=0
0:109  0:000  Running on: 'AERO 15-X9' with board 'AERO 15-X9'
0:109  0:000  === [ GetCPUProperties ] ==================================
0:109  0:000  CPU Vendor = 756E6547 Model=906EA
0:109  0:000   The CPU supported SSE4.1
0:109  0:000  BrandString = Intel(R) Core(TM) i9-8950HK CPU @ 2.90GHz
0:109  0:000   The CPU supported turbo
0:109  0:000  MSR 0x35               6000C
0:109  0:000   TSC/CCC Information Leaf:
0:109  0:000    numerator     : 242
0:109  0:000    denominator   : 2
0:109  0:000   Calibrated ARTFrequency: 24003554
0:110  0:000  MSR 0xE2 before patch 1E008004
0:110  0:000  MSR 0xE2 is locked, PM patches will be turned on
0:110  0:000  MSR 0xCE              00080839_F1011D00
0:110  0:000  corrected FLEX_RATIO = E0000
0:110  0:000  MSR 0x1B0             00000000
0:110  0:000  FSBFrequency = 99 MHz, DMI FSBFrequency = 100 MHz, Corrected FSBFrequency = 100 MHz
0:110  0:000  MaxDiv/MinDiv: 29.0/8
0:110  0:000  Turbo: 45/47/48/48
0:110  0:000  Features: 0xBFEBFBFF
0:110  0:000  Threads: 12
0:110  0:000  Cores: 6
0:110  0:000  FSB: 100 MHz
0:110  0:000  CPU: 2871 MHz
0:110  0:000  TSC: 2871 MHz
0:110  0:000  PIS: 100 MHz
0:110  0:000  ExternalClock: 25 MHz
0:110  0:000  === [ GetDevices ] ========================================
0:110  0:000  PCI (00|00:00.00) : 8086 3EC4 class=060000
0:110  0:000  PCI (00|00:01.00) : 8086 1901 class=060400
0:110  0:000  PCI (00|01:00.00) : 10DE 1F10 class=030000
0:110  0:000   - GFX: Model=Unknown family 1FF (Nvidia)
0:110  0:000  PCI (00|01:00.01) : 10DE 10F9 class=040300
0:110  0:000   - HDMI Audio: 
0:110  0:000  PCI (00|01:00.02) : 10DE 1ADA class=0C0330
0:110  0:000  PCI (00|01:00.03) : 10DE 1ADB class=0C8000
0:110  0:000  PCI (00|00:02.00) : 8086 3E9B class=030000
0:110  0:000   - GFX: Model=Intel UHD Graphics 630 (Intel)
0:110  0:000  PCI (00|00:12.00) : 8086 A379 class=118000
0:110  0:000  PCI (00|00:14.00) : 8086 A36D class=0C0330
0:110  0:000  PCI (00|00:14.02) : 8086 A36F class=050000
0:110  0:000  PCI (00|00:14.03) : 8086 A370 class=028000
0:110  0:000   - WIFI: Vendor=Intel
0:110  0:000  PCI (00|00:15.00) : 8086 A368 class=0C8000
0:110  0:000  PCI (00|00:15.01) : 8086 A369 class=0C8000
0:110  0:000  PCI (00|00:16.00) : 8086 A360 class=078000
0:110  0:000  PCI (00|00:1B.00) : 8086 A342 class=060400
0:110  0:000  PCI (00|02:00.00) : 1969 E0B1 class=020000
0:110  0:000   - LAN: 0 Vendor=Atheros
0:110  0:000  PCI (00|00:1B.04) : 8086 A32C class=060400
0:110  0:000  PCI (00|03:00.00) : 8086 F1A6 class=010802
0:110  0:000  PCI (00|00:1D.00) : 8086 A334 class=060400
0:110  0:000  PCI (00|04:00.00) : 8086 15DA class=060400
0:110  0:000  PCI (00|05:00.00) : 8086 15DA class=060400
0:110  0:000  PCI (00|05:01.00) : 8086 15DA class=060400
0:110  0:000  PCI (00|05:02.00) : 8086 15DA class=060400
0:110  0:000  PCI (00|3C:00.00) : 8086 15DB class=0C0330
0:110  0:000  PCI (00|00:1F.00) : 8086 A30D class=060100
0:110  0:000  PCI (00|00:1F.03) : 8086 A348 class=040300
0:111  0:000  PCI (00|00:1F.04) : 8086 A323 class=0C0500
0:111  0:000  PCI (00|00:1F.05) : 8086 A324 class=0C8000
0:111  0:000  === [ GetDefaultSettings ] ================================
0:111  0:000  Clover load options size = 0 bytes
0:112  0:001  EFI\CLOVER\config.plist loaded: Success
0:121  0:008  === [ GetListOfThemes ] ===================================
0:121  0:000  - [00]: metal
0:122  0:000  - [01]: imac.hk
0:122  0:000  - [02]: random
0:123  0:000  - [02]: bootcamp
0:124  0:000  - [03]: embedded
0:125  0:000  === [ Found config plists ] ===============================
0:125  0:000  - configbook.plist
0:125  0:000  - config.plist
0:125  0:000  === [ GetEarlyUserSettings ] ==============================
0:125  0:000  timeout set to 1
0:125  0:000  Custom boot CUSTOM_BOOT_DISABLED (0x0)
0:125  0:000  KextsToPatch: 10 requested
0:125  0:000   - [00]: AirPortBrcm4360 (AirPort Extreme) :: BinPatch :: data len: 6
0:125  0:000   - [01]: com.apple.iokit.IOAHCIBlockStorage (Enable TRIM for SSD) :: BinPatch :: data len: 11
0:125  0:000   - patch disabled at config
0:125  0:000   - [02]: IONVMeFamily   (External NVME Icon Patch) :: BinPatch :: data len: 8
0:125  0:000   - [03]: IOBluetoothFamily (10.11+-BT4LE-Handoff-Hotspot-lisai9093
Find:       4885ff74 47488b07 
Replace:    41be0f00 0000eb44
) :: BinPatch :: data len: 8
0:125  0:000   - [04]: com.apple.driver.usb.AppleUSBXHCI (USB 10.13.4+ by PMHeart) :: MatchOS: 10.13.x :: BinPatch :: data len: 10
0:125  0:000   - [05]: IONVMeFamily ( IONVMeFamily Preferred Block Size 0x10 -> 0x01 (c) Pike R. Alpha implemented by syscl adapted for 10.13.x by Ricky) :: BinPatch :: data len: 9
0:125  0:000   - patch disabled at config
0:125  0:000   - [06]: IONVMeFamily (IONVMeFamily Preferred Block Size 0x10 -> 0x04 (c) Pike R. Alpha implemented by syscl adapted for 10.13.x by Ricky) - invalid Find/Replace data - skipping!
0:125  0:000   - [07]: IONVMeFamily (IONVMeFamily Preferred Block Size 0x10 -> 0x08 (c) Pike R. Alpha implemented by syscl adapted for 10.13.x by Ricky) :: BinPatch :: data len: 9
0:125  0:000   - patch disabled at config
0:125  0:000   - [08]: com.apple.driver.AppleIntelLpssI2C (Prevent Apple I2C kexts from attaching to I2C controllers, credit CoolStar) :: BinPatch :: data len: 5
0:125  0:000   - patch disabled at config
0:125  0:000   - [09]: com.apple.driver.AppleIntelLpssI2CController (Prevent Apple I2C kexts from attaching to I2C controllers, credit CoolStar) :: BinPatch :: data len: 5
0:125  0:000   - patch disabled at config
0:125  0:000  KernelToPatch: 3 requested
0:125  0:000   - [00]: MSR 0xE2 _xcpm_idle instant reboot(c) Pike R. Alphaw防止睡眠内核崩溃 :: data len: 8
0:125  0:000   - [01]: Disable panic kext logging on 10.13 debug kernel (credit Vandroiy) :: data len: 6
0:125  0:000   - [02]: Disable panic kext logging on 10.13 release kernel (credit Vandroiy) :: data len: 6
0:126  0:000  Default theme: bootcamp
0:126  0:000  Hiding entries with string \EFI\BOOT\BOOTX64.EFI
0:126  0:000  Hiding entries with string Windows
0:126  0:000  Hiding entries with string Preboot
0:126  0:000  === [ LoadDrivers ] =======================================
0:126  0:000  Loading HFSPlus-64.efi  status=Success
0:129  0:003   - driver needs connecting
0:129  0:000  Loading PartitionDxe-64.efi  status=Success
0:132  0:002   - driver needs connecting
0:132  0:000  Loading AppleImageCodec-64.efi  status=Success
0:135  0:002  Loading AppleUITheme-64.efi  status=Success
0:138  0:002  Loading DataHubDxe-64.efi  status=Success
0:142  0:004  Loading AppleKeyAggregator-64.efi  status=Success
0:145  0:002  Loading VirtualSmc-64.efi  status=Success
0:148  0:003  Loading FSInject-64.efi  status=Success
0:151  0:002  Loading FirmwareVolume-64.efi  status=Success
0:154  0:002  Loading EmuVariableUefi-64.efi  status=Success
0:157  0:003  EmuVariableUefi Initialize: VariableCommonInitialize = Success, orig services stored, install gEmuVariableControlProtocolGuid = Success
0:157  0:000  Loading SMCHelper-64.efi  status=Success
0:160  0:002  Loading ApfsDriverLoader.efi  status=Success
0:162  0:002   - driver needs connecting
0:162  0:000  Loading AudioDxe-64.efi  status=Success
0:165  0:003   - driver needs connecting
0:165  0:000  Loading OsxAptioFixDrv-64.efi  status=Success
0:168  0:002  4 drivers needs connecting ...
0:168  0:000  PlatformDriverOverrideProtocol not found. Installing ... Success
0:168  0:000  Partition driver loaded: 
0:168  0:000  HFS+ driver loaded
0:168  0:000  APFS driver loaded
0:168  0:000  Searching for invalid DiskIo BY_DRIVER connects: not found, all ok
5:619  5:450  EmuVariable InstallEmulation: orig vars copied, emu.var.services installed, CreateEvent VirtualAddressChange = Success, CreateEvent ExitBootServices = Success, set Status=Success
5:649  0:029  === [ InitScreen ] ========================================
5:649  0:000  Console modes reported: 4, available modes:
5:649  0:000   - [01]: 80x25 (current mode)
5:649  0:000   - [02]: 80x50
5:649  0:000   - [03]: 100x31
5:649  0:000   - [04]: 240x56
5:649  0:000  SetScreenResolution: 1920x1080 - already set
5:649  0:000  reinit: self device path=PciRoot(0x0)\Pci(0x1B,0x4)\Pci(0x0,0x0)\NVMe(0x1,00-00-00-00-00-00-00-00)\HD(4,GPT,92635436-8781-40F9-B2B1-AAD7C9CA0D7F,0x3BA31000,0xDD000)
5:650  0:000  Using embedded font: Success
5:650  0:000  === [ GetMacAddress ] =====================================
5:650  0:000  === [ ScanSPD ] ===========================================
5:651  0:000  Scanning SMBus [8086:A323], mmio: 0xAD41A004, ioport: 0xEFA0, hostc: 0x11
5:672  0:020  Slot: 0 Type 26 16384MB 2666MHz Vendor=A-DATA Technology PartNo= SerialNo=000D030400010000
5:692  0:020  Slot: 2 Type 26 16384MB 2666MHz Vendor=Samsung PartNo=M471A2K43CB1-CTD SerialNo=04010C0702050E04
5:693  0:000  === [ GetAcpiTablesList ] =================================
5:695  0:001  Get Acpi Tables List from RSDT:
5:695  0:000   - [00]: FACP  GBTUACPI len=132
5:695  0:000   - [01]: APIC  GBTUACPI len=244
5:695  0:000   - [02]: FPDT  GBTUACPI len=68
5:695  0:000   - [03]: FIDT  GBTUACPI len=156
5:695  0:000   - [04]: MCFG  GBTUACPI len=60
5:695  0:000   - [05]: SSDT  CpuSsdt len=6940
5:695  0:000   - [06]: MSDM  GBTUACPI len=85
5:695  0:000   - [07]: SLIC  GBTUACPI len=374
5:695  0:000   - [08]: SSDT  SaSsdt  len=12742
5:695  0:000   - [09]: SSDT  PegSsdt len=9076
5:695  0:000   - [10]: HPET  GBTUACPI len=56
5:695  0:000   - [11]: SSDT  Ther_Rvp len=4014
5:695  0:000   - [12]: SSDT  xh_cfht4 len=12236
5:695  0:000   - [13]: UEFI  GBTUACPI len=66
5:695  0:000   - [14]: LPIT  GBTUACPI len=92
5:695  0:000   - [15]: SSDT  PtidDevc len=10206
5:695  0:000   - [16]: SSDT  TbtTypeC len=5522
5:695  0:000   - [17]: DBGP  GBTUACPI len=52
5:695  0:000   - [18]: DBG2  GBTUACPI len=84
5:695  0:000   - [19]: SSDT  ADebTabl len=324
5:695  0:000   - [20]: SSDT  SgPeg len=174
5:695  0:000   - [21]: BGRT  GBTUACPI len=56
5:695  0:000   - [22]: TPM2  GBTUACPI len=52
5:695  0:000   - [23]: SSDT  OptTabl len=8068
5:695  0:000   - [24]: DMAR  EDK2     len=168
5:695  0:000   - [25]: WSMT  GBTUACPI len=40
5:695  0:000  Calibrated TSC Frequency = 2904430050 = 2904MHz
5:695  0:000  === [ GetUserSettings ] ===================================
5:695  0:000  USB FixOwnership: yes
5:695  0:000  Dropping 1 tables:
5:695  0:000   - [00]: Drop table  signature="DMAR" (52414D44)
5:695  0:000           - set table: 52414D44,                0 to drop: yes
5:695  0:000   - final DSDT Fix mask=01000000
5:695  0:000  PatchesDSDT: 8 requested
5:695  0:000   - [00]: (change _OSI to XOSI) lenToFind: 4, lenToReplace: 4, Target Bridge: <null string>
5:695  0:000    patch disabled at config
5:695  0:000   - [01]: (change HDAS to HDEF) lenToFind: 4, lenToReplace: 4, Target Bridge: <null string>
5:695  0:000   - [02]: (Fix RTC _STA bug) lenToFind: 8, lenToReplace: 8, Target Bridge: <null string>
5:695  0:000   - [03]: (change HECI to IMEI) lenToFind: 4, lenToReplace: 4, Target Bridge: <null string>
5:695  0:000   - [04]: (change MEI to IMEI) lenToFind: 4, lenToReplace: 4, Target Bridge: <null string>
5:695  0:000   - [05]: (change GFX0 to IGPU) lenToFind: 4, lenToReplace: 4, Target Bridge: <null string>
5:695  0:000   - [06]: (change _STA to XSTA in GPI0) lenToFind: 4, lenToReplace: 4, Target Bridge: GPI0
5:695  0:000    patch disabled at config
5:695  0:000   - [07]: (change ECAV TO EC) lenToFind: 4, lenToReplace: 4, Target Bridge: <null string>
5:695  0:000  EnableC7: no
5:695  0:000  EnableC6: yes
5:695  0:000  EnableC4: no
5:695  0:000  EnableC2: no
5:695  0:000  Using ProductName from config: MacBookPro14,1
5:695  0:000  Using latest BiosVersion from clover
5:695  0:000  BiosVersion: MBP141.88Z.F000.B00.1812191142
5:695  0:000  BiosReleaseDate: 12/19/2018
5:695  0:000  Using EfiVersion from config: 184.0.0.0.0
5:695  0:000  Using FirmwareFeatures from config: 0xFC0FE137
5:695  0:000  Using FirmwareFeaturesMask from config: 0xFF1FFF3F
5:695  0:000  Board-ID set from config as Mac-B4831CEBD52A0C4C
5:695  0:000  BoardType: 0xA
5:695  0:000  ChassisType: 0x9
5:695  0:000  Converted CustomUUID 3BA79812-B360-44A3-AF44-8E71EA2676C7
5:696  0:000  === [ Found DSDT tables ] =================================
5:771  0:074  === [ ScanVolumes ] =======================================
5:771  0:000  Found 11 volumes with blockIO
5:771  0:000  - [00]: Volume: PciRoot(0x0)\Pci(0x1B,0x4)\Pci(0x0,0x0)\NVMe(0x1,00-00-00-00-00-00-00-00)
5:771  0:000  - [01]: Volume: PciRoot(0x0)\Pci(0x1B,0x4)\Pci(0x0,0x0)\NVMe(0x1,00-00-00-00-00-00-00-00)\HD(1,GPT,A50DF69F-D947-440F-AF4F-EDC2DABC4A8F,0x28,0x64000)
5:771  0:000          Result of bootcode detection: bootable unknown (legacy)
5:771  0:000  - [02]: Volume: PciRoot(0x0)\Pci(0x1B,0x4)\Pci(0x0,0x0)\NVMe(0x1,00-00-00-00-00-00-00-00)\HD(2,GPT,2C5D8C04-BAF7-4D2E-8757-7CA77243EF22,0x64800,0x8000)
5:771  0:000  - [03]: Volume: PciRoot(0x0)\Pci(0x1B,0x4)\Pci(0x0,0x0)\NVMe(0x1,00-00-00-00-00-00-00-00)\HD(3,GPT,541FB287-422A-430A-9433-1697C1B1F829,0x6C800,0x3B9C4000)
5:771  0:000          Result of bootcode detection: bootable Windows (vista,win)
5:771  0:000  - [04]: Volume: PciRoot(0x0)\Pci(0x1B,0x4)\Pci(0x0,0x0)\NVMe(0x1,00-00-00-00-00-00-00-00)\HD(4,GPT,92635436-8781-40F9-B2B1-AAD7C9CA0D7F,0x3BA31000,0xDD000)
5:771  0:000          Result of bootcode detection: bootable unknown (legacy)
5:775  0:003          This is SelfVolume !!
5:775  0:000  - [05]: Volume: PciRoot(0x0)\Pci(0x1B,0x4)\Pci(0x0,0x0)\NVMe(0x1,00-00-00-00-00-00-00-00)\HD(5,GPT,09BBCA5B-0253-42EA-9112-2674B27DB45A,0x3BB0E0A0,0x3B8AF1E8)
5:775  0:000          Result of bootcode detection: bootable unknown (legacy)
5:775  0:000  - [06]: Volume: PciRoot(0x0)\Pci(0x1B,0x4)\Pci(0x0,0x0)\NVMe(0x1,00-00-00-00-00-00-00-00)\HD(5,GPT,09BBCA5B-0253-42EA-9112-2674B27DB45A,0x3BB0E0A0,0x3B8AF1E8)\VenMedia(BE74FCF7-0B7C-49F3-9147-01F4042E6842,37FF64A7196E7946B9A7495B0C24D03F)
5:775  0:000          hiding this volume
5:775  0:000  - [07]: Volume: PciRoot(0x0)\Pci(0x1B,0x4)\Pci(0x0,0x0)\NVMe(0x1,00-00-00-00-00-00-00-00)\HD(5,GPT,09BBCA5B-0253-42EA-9112-2674B27DB45A,0x3BB0E0A0,0x3B8AF1E8)\VenMedia(BE74FCF7-0B7C-49F3-9147-01F4042E6842,992172BADB244834A869CE184751B13F)
5:775  0:000  - [08]: Volume: PciRoot(0x0)\Pci(0x1B,0x4)\Pci(0x0,0x0)\NVMe(0x1,00-00-00-00-00-00-00-00)\HD(5,GPT,09BBCA5B-0253-42EA-9112-2674B27DB45A,0x3BB0E0A0,0x3B8AF1E8)\VenMedia(BE74FCF7-0B7C-49F3-9147-01F4042E6842,645BB629DB709841BDF639559C543B93)
5:775  0:000  - [09]: Volume: PciRoot(0x0)\Pci(0x1B,0x4)\Pci(0x0,0x0)\NVMe(0x1,00-00-00-00-00-00-00-00)\HD(5,GPT,09BBCA5B-0253-42EA-9112-2674B27DB45A,0x3BB0E0A0,0x3B8AF1E8)\VenMedia(BE74FCF7-0B7C-49F3-9147-01F4042E6842,D4A04D8B2CA96A4487A92330F34D5289)
5:775  0:000  - [10]: Volume: PciRoot(0x0)\Pci(0x1B,0x4)\Pci(0x0,0x0)\NVMe(0x1,00-00-00-00-00-00-00-00)\HD(5,GPT,09BBCA5B-0253-42EA-9112-2674B27DB45A,0x3BB0E0A0,0x3B8AF1E8)\VenMedia(BE74FCF7-0B7C-49F3-9147-01F4042E6842,55CBB4BAFCE51642BDF5BF5766559DEB)
5:785  0:009  Loading nvram.plist from Vol 'MAC' - loaded, size=3986
5:790  0:004  === [ PutNvramPlistToRtVars ] =============================
5:790  0:000   Adding Key: EFILoginHiDPI: Size = 4, Data: 00 00 00 00 
5:790  0:000   Skipping EmuVariableUefiPresent
5:790  0:000   Adding Key: LocationServicesEnabled: Size = 1, Data: 01 
5:790  0:000   Skipping OsxAptioFixDrv-RelocBase
5:790  0:000   Adding Key: SystemAudioVolume: Size = 1, Data: 40 
5:790  0:000   Adding Key: SystemAudioVolumeDB: Size = 1, Data: F1 
5:790  0:000   Adding Key: backlight-level: Size = 2, Data: 3A 92 
5:790  0:000   Adding Key: bluetoothActiveControllerInfo: Size = 16, Data: AA 0A 87 80 00 00 00 00 60 14 00 00 00 00 00 00 
5:790  0:000   Adding Key: csr-active-config: Size = 4, Data: 67 00 00 00 
5:790  0:000   Adding Key: efi-boot-device: Size = 216, Data: 3C 61 72 72 61 79 3E 3C 64 69 63 74 3E 3C 6B 65 79 3E 49 4F 4D 61 74 63 68 3C 2F 6B 65 79 3E 3C 64 69 63 74 3E 3C 6B 65 79 3E 49 4F 50 72 6F 76 69 64 65 72 43 6C 61 73 73 3C 2F 6B 65 79 3E 3C 73 74 72 69 6E 67 3E 49 4F 4D 65 64 69 61 3C 2F 73 74 72 69 6E 67 3E 3C 6B 65 79 3E 49 4F 50 72 6F 70 65 72 74 79 4D 61 74 63 68 3C 2F 6B 65 79 3E 3C 64 69 63 74 3E 3C 6B 65 79 3E 55 55 49 44 3C 2F 6B 65 79 3E 3C 73 74 72 69 6E 67 3E 30 39 42 42 43 41 35 42 2D 30 32 35 33 2D 34 32 45 41 2D 39 31 31 32 2D 32 36 37 34 42 32 37 44 42 34 35 41 3C 2F 73 74 72 69 6E 67 3E 3C 2F 64 69 63 74 3E 3C 2F 64 69 63 74 3E 3C 2F 64 69 63 74 3E 3C 2F 61 72 72 61 79 3E 
5:790  0:000   Adding Key: efi-boot-device-data: Size = 122, Data: 02 01 0C 00 D0 41 03 0A 00 00 00 00 01 01 06 00 04 1B 01 01 06 00 00 00 03 17 10 00 01 00 00 00 00 00 00 00 00 00 00 00 04 01 2A 00 05 00 00 00 A0 E0 B0 3B 00 00 00 00 E8 F1 8A 3B 00 00 00 00 5B CA BB 09 53 02 EA 42 91 12 26 74 B2 7D B4 5A 02 02 04 03 24 00 F7 FC 74 BE 7C 0B F3 49 91 47 01 F4 04 2E 68 42 99 21 72 BA DB 24 48 34 A8 69 CE 18 47 51 B1 3F 7F FF 04 00 
5:790  0:000   Adding Key: fakesmc-key-#KEY-ui32: Size = 4, Data: 00 00 00 11 
5:790  0:000   Adding Key: fakesmc-key-$Adr-ui32: Size = 4, Data: 00 00 03 00 
5:790  0:000   Adding Key: fakesmc-key-$Num-ui8: Size = 1, Data: 01 
5:790  0:000   Adding Key: fakesmc-key-BATP-flag: Size = 1, Data: 00 
5:790  0:000   Adding Key: fakesmc-key-BBIN-ui8: Size = 1, Data: 01 
5:790  0:000   Adding Key: fakesmc-key-BEMB-flag: Size = 1, Data: 01 
5:790  0:000   Adding Key: fakesmc-key-BNum-ui8: Size = 1, Data: 01 
5:790  0:000   Adding Key: fakesmc-key-EPCI-ui32: Size = 4, Data: 09 B0 F0 00 
5:790  0:000   Adding Key: fakesmc-key-MSAc-ui16: Size = 2, Data: 00 00 
5:790  0:000   Adding Key: fakesmc-key-MSFW-ui8: Size = 2, Data: 01 00 
5:790  0:000   Adding Key: fakesmc-key-MSPS-ui16: Size = 2, Data: 00 03 
5:790  0:000   Adding Key: fakesmc-key-MSTc-ui8: Size = 1, Data: 00 
5:790  0:000   Adding Key: fakesmc-key-MSWr-ui8: Size = 1, Data: 00 
5:790  0:000   Adding Key: fakesmc-key-RBr -ch8*: Size = 8, Data: 32 30 31 37 6D 62 70 00 
5:790  0:000   Adding Key: fakesmc-key-REV -ch8*: Size = 6, Data: 02 43 0F 00 00 06 
5:790  0:000   Adding Key: fakesmc-key-RMde-char: Size = 1, Data: 41 
5:790  0:000   Adding Key: fakesmc-key-RPlt-ch8*: Size = 8, Data: 6A 31 33 30 61 00 00 00 
5:790  0:000   Adding Key: flagstate: Size = 32, Data: 00 00 00 00 00 00 00 00 00 00 00 00 00 00 00 00 00 00 00 00 00 00 00 00 00 00 00 00 00 00 00 00 
5:790  0:000   Adding Key: fmm-computer-name: Size = 24, Data: 67 6F 6F 66 79 6C 69 75 E2 80 99 73 20 4D 61 63 42 6F 6F 6B 20 50 72 6F 
5:790  0:000   Adding Key: fmm-mobileme-token-FMM: Size = 854, Data: 62 70 6C 69 73 74 30 30 DC 01 02 03 04 05 06 07 08 09 0A 0B 0C 0D 0E 10 0D 11 0D 12 13 14 15 16 1D 5F 10 0F 75 6E 72 65 67 69 73 74 65 72 53 74 61 74 65 5F 10 12 65 6E 61 62 6C 65 64 44 61 74 61 63 6C 61 73 73 65 73 59 61 75 74 68 54 6F 6B 65 6E 5E 64 69 73 61 62 6C 65 43 6F 6E 74 65 78 74 56 75 73 65 72 69 64 5D 65 6E 61 62 6C 65 43 6F 6E 74 65 78 74 58 75 73 65 72 6E 61 6D 65 58 70 65 72 73 6F 6E 49 44 57 61 64 64 54 69 6D 65 54 67 75 69 64 58 75 73 65 72 49 6E 66 6F 5F 10 13 64 61 74 61 63 6C 61 73 73 50 72 6F 70 65 72 74 69 65 73 10 00 A1 0F 5F 10 21 63 6F 6D 2E 61 70 70 6C 65 2E 44 61 74 61 63 6C 61 73 73 2E 44 65 76 69 63 65 4C 6F 63 61 74 6F 72 5F 10 CC 45 41 41 74 41 41 41 41 42 4C 77 49 41 41 41 41 41 46 78 33 51 58 4D 52 44 6D 64 7A 4C 6D 6C 6A 62 47 39 31 5A 43 35 68 64 58 52 6F 76 51 41 71 46 38 66 37 41 5F 31 6A 30 43 41 6F 47 55 30 36 73 4D 64 4E 52 6B 75 48 4E 73 73 4E 43 32 38 56 5A 47 65 4C 67 74 69 55 78 75 73 59 45 44 67 6B 5F 44 35 50 53 48 43 69 69 4A 63 55 4A 43 4E 46 7A 6F 44 53 6E 73 65 52 64 2D 76 51 67 41 54 54 43 39 30 42 49 2D 69 76 6D 65 36 75 4D 69 76 6E 4C 61 50 69 37 62 37 6C 49 41 4D 32 74 51 6C 55 37 6A 67 57 4D 31 45 33 67 6C 71 37 2D 59 45 31 48 67 75 6E 67 38 69 51 71 61 68 77 35 78 35 41 6D 32 59 5A 64 53 6B 33 71 41 7E 7E 11 01 F5 5F 10 0F 67 6F 6F 66 79 73 75 6E 40 71 71 2E 63 6F 6D 59 35 35 30 35 36 39 33 32 35 23 41 D7 1D D0 5E 4F 0A 4A 5F 10 24 37 37 34 35 39 45 45 32 2D 38 44 38 38 2D 34 33 45 31 2D 42 33 44 46 2D 32 37 43 35 34 41 44 30 43 33 46 39 D3 17 18 19 1A 1B 1C 5F 10 15 49 6E 55 73 65 4F 77 6E 65 72 44 69 73 70 6C 61 79 4E 61 6D 65 5F 10 13 49 6E 55 73 65 4F 77 6E 65 72 46 69 72 73 74 4E 61 6D 65 5F 10 12 49 6E 55 73 65 4F 77 6E 65 72 4C 61 73 74 4E 61 6D 65 62 52 18 51 9B 61 51 9B 61 52 18 D1 0F 1E D5 1F 20 21 22 23 24 25 26 27 28 56 61 70 73 45 6E 76 58 68 6F 73 74 6E 61 6D 65 5D 61 75 74 68 4D 65 63 68 61 6E 69 73 6D 56 73 63 68 65 6D 65 5D 69 64 73 49 64 65 6E 74 69 66 69 65 72 5A 50 72 6F 64 75 63 74 69 6F 6E 5F 10 13 70 33 35 2D 66 6D 69 70 2E 69 63 6C 6F 75 64 2E 63 6F 6D 55 74 6F 6B 65 6E 55 68 74 74 70 73 5F 10 24 33 33 36 35 45 46 42 33 2D 31 41 35 38 2D 34 38 42 35 2D 38 32 30 31 2D 39 43 31 35 31 32 37 35 46 31 46 33 00 08 00 21 00 33 00 48 00 52 00 61 00 68 00 76 00 7F 00 88 00 90 00 95 00 9E 00 B4 00 B6 00 B8 00 DC 01 AB 01 AE 01 C0 01 CA 01 D3 01 FA 02 01 02 19 02 2F 02 44 02 49 02 4C 02 4F 02 52 02 5D 02 64 02 6D 02 7B 02 82 02 90 02 9B 02 B1 02 B7 02 BD 00 00 00 00 00 00 02 01 00 00 00 00 00 00 00 29 00 00 00 00 00 00 00 00 00 00 00 00 00 00 02 E4 
5:790  0:000   Adding Key: nvda_drv: Size = 2, Data: 31 00 
5:790  0:000   Adding Key: security-mode: String: Size = 4, Val = 'none'
5:790  0:000   Adding Key: specialbootdevice: Size = 122, Data: 02 01 0C 00 D0 41 03 0A 00 00 00 00 01 01 06 00 04 1B 01 01 06 00 00 00 03 17 10 00 01 00 00 00 00 00 00 00 00 00 00 00 04 01 2A 00 05 00 00 00 A0 E0 B0 3B 00 00 00 00 E8 F1 8A 3B 00 00 00 00 5B CA BB 09 53 02 EA 42 91 12 26 74 B2 7D B4 5A 02 02 04 03 24 00 F7 FC 74 BE 7C 0B F3 49 91 47 01 F4 04 2E 68 42 99 21 72 BA DB 24 48 34 A8 69 CE 18 47 51 B1 3F 7F FF 04 00 
5:790  0:000  found 3 handles with audio
5:790  0:000  No AudioIoDevice stored
5:790  0:000  no stored audio parameters
5:790  0:000  === [ InitTheme ] =========================================
5:790  0:000  use daylight theme
5:791  0:001  Using theme 'bootcamp' (EFI\CLOVER\themes\bootcamp)
5:791  0:000  Warning! Character width 9 should be even!
5:792  0:000    Channels: 2  Sample rate: 44100 Hz  Bits: 16
5:792  0:000  output to channel 0 with volume 70, len=414164
5:792  0:000   sound channels=2 bits=16 freq=44100
5:792  0:000  not found AudioIo to play
5:792  0:000  free sound
5:792  0:000  sound play end with status=3AB92110
5:792  0:000  Loading font from ThemeDir: Error
5:793  0:000  theme inited
5:793  0:000  Chosen theme bootcamp
5:793  0:000  after NVRAM boot-args=ngfxcompat=1 slide=0 brcmfx-country=#a dart=0 darkwake=8 -v -alcbeta #-igfxcflbklt #applbkl=0 
5:793  0:000  === [ Dump SMC keys from NVRAM ] ==========================
5:793  0:000  found AppleSMC protocol
5:793  0:000  === [ ScanLoader ] ========================================
5:793  0:000  - [01]: 'EFI'
5:795  0:001          AddLoaderEntry for Volume Name=EFI
5:797  0:002          AddLoaderEntry for Volume Name=EFI
5:797  0:000          skipped because entry is hidden
5:797  0:000  - [04]: 'EFIMAC'
5:799  0:001          AddLoaderEntry for Volume Name=EFIMAC
5:799  0:000          skipped because entry is hidden
5:799  0:000  - [06]: 'Preboot', hidden
5:799  0:000  - [07]: 'MAC'
5:916  0:117          AddLoaderEntry for Volume Name=MAC
5:945  0:028      Check if volume Is Hibernated:
5:945  0:000      Check sleep image 'by signature':
5:985  0:040      read prefs \Library\Preferences\com.apple.PowerManagement.plist status=Success
5:985  0:000      using default sleep image name = \private\var\vm\sleepimage
6:007  0:021      sleepimage not found -> Not Found
6:007  0:000      hibernated: no - sign
6:007  0:000          [!] Icon 18 (icons\vol_internal_apfs.icns) not found (path: EFI\CLOVER\themes\bootcamp)
6:022  0:014  - [08]: 'Recovery'
6:033  0:010          AddLoaderEntry for Volume Name=Recovery
6:053  0:019  - [09]: 'VM'
6:053  0:000  - [10]: 'MACDaTa'
6:082  0:028  === [ AddCustomTool ] =====================================
6:082  0:000  found tool \EFI\CLOVER\tools\Shell64U.efi
6:082  0:000  Checking EFI partition Volume 1 for Clover
6:084  0:001  EmuVariable InstallEmulation: EFI_ALREADY_STARTED
6:084  0:000  === [ GetEfiBootDeviceFromNvram ] =========================
6:084  0:000   - efi-boot-device-data: PciRoot(0x0)\Pci(0x1B,0x4)\Pci(0x0,0x0)\NVMe(0x1,00-00-00-00-00-00-00-00)\HD(5,GPT,09BBCA5B-0253-42EA-9112-2674B27DB45A,0x3BB0E0A0,0x3B8AF1E8)\VenMedia(BE74FCF7-0B7C-49F3-9147-01F4042E6842,992172BADB244834A869CE184751B13F)
6:084  0:000    - Volume: 'PciRoot(0x0)\Pci(0x1B,0x4)\Pci(0x0,0x0)\NVMe(0x1,00-00-00-00-00-00-00-00)\HD(5,GPT,09BBCA5B-0253-42EA-9112-2674B27DB45A,0x3BB0E0A0,0x3B8AF1E8)\VenMedia(BE74FCF7-0B7C-49F3-9147-01F4042E6842,992172BADB244834A869CE184751B13F)'
6:084  0:000    - LoaderPath: '<null string>'
6:084  0:000    - Guid = 09BBCA5B-0253-42EA-9112-2674B27DB45A
6:084  0:000  === [ FindStartupDiskVolume ] =============================
6:084  0:000    - Volume: partition = PciRoot(0x0)\Pci(0x1B,0x4)\Pci(0x0,0x0)\NVMe(0x1,00-00-00-00-00-00-00-00)\HD(5,GPT,09BBCA5B-0253-42EA-9112-2674B27DB45A,0x3BB0E0A0,0x3B8AF1E8)\VenMedia(BE74FCF7-0B7C-49F3-9147-01F4042E6842,992172BADB244834A869CE184751B13F)
6:084  0:000     - searching for that partition
6:084  0:000      - found entry 1. 'Boot macOS from MAC', Volume 'MAC'
6:084  0:000  Boot redirected to Entry 1. 'Boot macOS from MAC'
6:084  0:000  EmuVariable UninstallEmulation: CloseEvent = Success, original var services restored
6:084  0:000  DefaultIndex=1 and MainMenu.EntryCount=8
6:084  0:000  Use anime=logo_3D frames=50
6:100  0:016   found 50 frames of the anime
6:100  0:000   Anime seems OK, init it
6:167  0:066  GUI ready
10:456  4:288  Found UEFI Acpi 2.0 RSDP at 3A044000
10:456  0:000  Saving ACPI tables from RSDP 3A044000 to EFI\CLOVER\ACPI\origin ...
10:456  0:000   3A044000: 'RSD PTR ', Rev: 2 (Acpi 2.0 or newer), Len: 36 -> RSDP.aml
10:467  0:011    (Xsdt: 3A0440B8, Rsdt: 3A044028)
10:467  0:000    3A0440B8: 'XSDT', 'GBTUACPI', Rev: 1, Len: 244 -> XSDT.aml
10:477  0:009    3A044028: 'RSDT', 'GBTUACPI', Rev: 1, Len: 140 -> RSDT.aml
10:487  0:010    Tables in Xsdt: 26
10:487  0:000    0. 3A086D18: 'FACP', 'GBTUACPI', Rev: 6, Len: 276 -> FACP.aml
10:498  0:010        (Dsdt: 3A044240, Facs: 3A1BD080, XDsdt: 3A044240, XFacs: 0)
10:498  0:000        3A044240: 'DSDT', 'GBTUACPI', Rev: 2, Len: 273111 -> DSDT.aml
10:513  0:015        3A1BD080: 'FACS', Ver: 2, Len: 64 -> FACS.aml
10:523  0:009    1. 3A086E30: 'APIC', 'GBTUACPI', Rev: 4, Len: 244 -> APIC.aml
10:532  0:009    2. 3A086F28: 'FPDT', 'GBTUACPI', Rev: 1, Len: 68 -> FPDT.aml
10:542  0:009    3. 3A086F70: 'FIDT', 'GBTUACPI', Rev: 1, Len: 156 -> FIDT.aml
10:552  0:009    4. 3A087010: 'MCFG', 'GBTUACPI', Rev: 1, Len: 60 -> MCFG.aml
10:562  0:009    5. 3A087050: 'SSDT', 'CpuSsdt', Rev: 2, Len: 6940 -> SSDT-0-CpuSsdt.aml (Found hidden SSDT 9 pcs)
10:572  0:009        * 39FF8298: 'SSDT', 'Cpu0Ist', Rev: 2, Len: 1508  53 53 44 54 E4 05 00 00 02 A8 50 6D 52 65 66 00 Internal length = 1508 -> SSDT-x0_0-Cpu0Ist.aml
10:582  0:009        * 39FF0018: 'SSDT', 'ApIst', Rev: 2, Len: 1532  53 53 44 54 FC 05 00 00 02 23 50 6D 52 65 66 00 Internal length = 1532 -> SSDT-x0_1-ApIst.aml
10:591  0:009        * 39FF0698: 'SSDT', 'Cpu0Cst', Rev: 2, Len: 1024  53 53 44 54 00 04 00 00 02 D9 50 6D 52 65 66 00 Internal length = 1024 -> SSDT-x0_2-Cpu0Cst.aml
10:601  0:009        * 39FF1A98: 'SSDT', 'ApCst', Rev: 2, Len: 778  53 53 44 54 0A 03 00 00 02 E9 50 6D 52 65 66 00 Internal length = 778 -> SSDT-x0_3-ApCst.aml
10:611  0:009        * 39FF8A98: 'SSDT', 'Cpu0Hwp', Rev: 2, Len: 283  53 53 44 54 1B 01 00 00 02 61 50 6D 52 65 66 00 Internal length = 283 -> SSDT-x0_4-Cpu0Hwp.aml
10:621  0:010        * 39FEE018: 'SSDT', 'ApHwp', Rev: 2, Len: 791  53 53 44 54 17 03 00 00 02 E3 50 6D 52 65 66 00 Internal length = 791 -> SSDT-x0_5-ApHwp.aml
10:631  0:010        * 39FF1018: 'SSDT', 'HwpLvt', Rev: 2, Len: 1828  53 53 44 54 24 07 00 00 02 CA 50 6D 52 65 66 00 Internal length = 1828 -> SSDT-x0_6-HwpLvt.aml
10:641  0:009        * 39FF8918: 'SSDT', 'Cpu0Psd', Rev: 2, Len: 244  53 53 44 54 F4 00 00 00 02 37 50 6D 52 65 66 00 Internal length = 244 -> SSDT-x0_7-Cpu0Psd.aml
10:651  0:009        * 39FEF018: 'SSDT', 'ApPsd', Rev: 2, Len: 2736  53 53 44 54 B0 0A 00 00 02 AB 50 6D 52 65 66 00 Internal length = 2736 -> SSDT-x0_8-ApPsd.aml
10:661  0:009  
10:661  0:000    6. 3A088B70: 'MSDM', 'GBTUACPI', Rev: 3, Len: 85 -> MSDM.aml
10:670  0:009    7. 3A088BC8: 'SLIC', 'GBTUACPI', Rev: 1, Len: 374 -> SLIC.aml
10:680  0:009    8. 3A088D40: 'SSDT', 'SaSsdt', Rev: 2, Len: 12742 -> SSDT-1-SaSsdt.aml
10:690  0:009    9. 3A08BF08: 'SSDT', 'PegSsdt', Rev: 2, Len: 9076 -> SSDT-2-PegSsdt.aml
10:700  0:010    10. 3A08E280: 'HPET', 'GBTUACPI', Rev: 1, Len: 56 -> HPET.aml
10:709  0:009    11. 3A08E2B8: 'SSDT', 'Ther_Rvp', Rev: 2, Len: 4014 -> SSDT-3-Ther_Rvp.aml
10:719  0:009    12. 3A08F268: 'SSDT', 'xh_cfht4', Rev: 2, Len: 12236 -> SSDT-4-xh_cfht4.aml
10:729  0:010    13. 3A092238: 'UEFI', 'GBTUACPI', Rev: 1, Len: 66 -> UEFI.aml
10:739  0:009    14. 3A092280: 'LPIT', 'GBTUACPI', Rev: 1, Len: 92 -> LPIT.aml
10:749  0:009    15. 3A0922E0: 'SSDT', 'PtidDevc', Rev: 2, Len: 10206 -> SSDT-5-PtidDevc.aml
10:758  0:009    16. 3A094AC0: 'SSDT', 'TbtTypeC', Rev: 2, Len: 5522 -> SSDT-6-TbtTypeC.aml
10:769  0:010    17. 3A096058: 'DBGP', 'GBTUACPI', Rev: 1, Len: 52 -> DBGP.aml
10:779  0:010    18. 3A096090: 'DBG2', 'GBTUACPI', Rev: 0, Len: 84 -> DBG2.aml
10:788  0:009    19. 3A0960E8: 'SSDT', 'ADebTabl', Rev: 2, Len: 324 -> SSDT-7-ADebTabl.aml
10:798  0:009    20. 3A096230: 'SSDT', 'SgPeg', Rev: 2, Len: 174 -> SSDT-8-SgPeg.aml
10:808  0:009    21. 3A0962E0: 'BGRT', 'GBTUACPI', Rev: 1, Len: 56 -> BGRT.aml
10:818  0:009    22. 3A096318: 'TPM2', 'GBTUACPI', Rev: 4, Len: 52 -> TPM2.aml
10:827  0:009    23. 3A096350: 'SSDT', 'OptTabl', Rev: 1, Len: 8068 -> SSDT-9-OptTabl.aml
10:837  0:009    24. 3A0982D8: 'DMAR', 'EDK2', Rev: 1, Len: 168 -> DMAR.aml
10:847  0:010    25. 3A098380: 'WSMT', 'GBTUACPI', Rev: 1, Len: 40 -> WSMT.aml
10:857  0:009    Tables in Rsdt: 26
10:857  0:000    0. 3A0441B8: 'FACP', 'GBTUACPI', Rev: 2, Len: 132 -> RSDT-FACP.aml
10:867  0:009        (Dsdt: 3A044240, Facs: 3A1BD040)
10:867  0:000        3A044240: 'DSDT', 'GBTUACPI', Rev: 2, Len: 273111
10:869  0:002        3A1BD040: 'FACS', Ver: 0, Len: 64 -> RSDT-FACS.aml
10:879  0:009    1. 3A086E30: 'APIC', 'GBTUACPI', Rev: 4, Len: 244
10:879  0:000    2. 3A086F28: 'FPDT', 'GBTUACPI', Rev: 1, Len: 68
10:879  0:000    3. 3A086F70: 'FIDT', 'GBTUACPI', Rev: 1, Len: 156
10:879  0:000    4. 3A087010: 'MCFG', 'GBTUACPI', Rev: 1, Len: 60
10:879  0:000    5. 3A087050: 'SSDT', 'CpuSsdt', Rev: 2, Len: 6940
10:879  0:000    6. 3A088B70: 'MSDM', 'GBTUACPI', Rev: 3, Len: 85
10:879  0:000    7. 3A088BC8: 'SLIC', 'GBTUACPI', Rev: 1, Len: 374
10:879  0:000    8. 3A088D40: 'SSDT', 'SaSsdt', Rev: 2, Len: 12742
10:879  0:000    9. 3A08BF08: 'SSDT', 'PegSsdt', Rev: 2, Len: 9076
10:879  0:000    10. 3A08E280: 'HPET', 'GBTUACPI', Rev: 1, Len: 56
10:879  0:000    11. 3A08E2B8: 'SSDT', 'Ther_Rvp', Rev: 2, Len: 4014
10:879  0:000    12. 3A08F268: 'SSDT', 'xh_cfht4', Rev: 2, Len: 12236
10:879  0:000    13. 3A092238: 'UEFI', 'GBTUACPI', Rev: 1, Len: 66
10:879  0:000    14. 3A092280: 'LPIT', 'GBTUACPI', Rev: 1, Len: 92
10:879  0:000    15. 3A0922E0: 'SSDT', 'PtidDevc', Rev: 2, Len: 10206
10:879  0:000    16. 3A094AC0: 'SSDT', 'TbtTypeC', Rev: 2, Len: 5522
10:879  0:000    17. 3A096058: 'DBGP', 'GBTUACPI', Rev: 1, Len: 52
10:879  0:000    18. 3A096090: 'DBG2', 'GBTUACPI', Rev: 0, Len: 84
10:879  0:000    19. 3A0960E8: 'SSDT', 'ADebTabl', Rev: 2, Len: 324
10:879  0:000    20. 3A096230: 'SSDT', 'SgPeg', Rev: 2, Len: 174
10:879  0:000    21. 3A0962E0: 'BGRT', 'GBTUACPI', Rev: 1, Len: 56
10:879  0:000    22. 3A096318: 'TPM2', 'GBTUACPI', Rev: 4, Len: 52
10:879  0:000    23. 3A096350: 'SSDT', 'OptTabl', Rev: 1, Len: 8068
10:879  0:000    24. 3A0982D8: 'DMAR', 'EDK2', Rev: 1, Len: 168
10:879  0:000    25. 3A098380: 'WSMT', 'GBTUACPI', Rev: 1, Len: 40
10:879  0:000  Found UEFI Acpi 1.0 RSDP at 3A044000
10:879  0:000  Printing ACPI tables from RSDP 3A044000 ...
10:879  0:000   3A044000: 'RSD PTR ', Rev: 2 (Acpi 2.0 or newer), Len: 36
10:879  0:000    (Xsdt: 3A0440B8, Rsdt: 3A044028)
10:879  0:000    3A0440B8: 'XSDT', 'GBTUACPI', Rev: 1, Len: 244
10:879  0:000    3A044028: 'RSDT', 'GBTUACPI', Rev: 1, Len: 140
10:879  0:000    Tables in Xsdt: 26
10:879  0:000    0. 3A086D18: 'FACP', 'GBTUACPI', Rev: 6, Len: 276
10:879  0:000        (Dsdt: 3A044240, Facs: 3A1BD080, XDsdt: 3A044240, XFacs: 0)
10:879  0:000        3A044240: 'DSDT', 'GBTUACPI', Rev: 2, Len: 273111
10:882  0:002        3A1BD080: 'FACS', Ver: 2, Len: 64
10:882  0:000    1. 3A086E30: 'APIC', 'GBTUACPI', Rev: 4, Len: 244
10:882  0:000    2. 3A086F28: 'FPDT', 'GBTUACPI', Rev: 1, Len: 68
10:882  0:000    3. 3A086F70: 'FIDT', 'GBTUACPI', Rev: 1, Len: 156
10:882  0:000    4. 3A087010: 'MCFG', 'GBTUACPI', Rev: 1, Len: 60
10:882  0:000    5. 3A087050: 'SSDT', 'CpuSsdt', Rev: 2, Len: 6940
10:882  0:000    6. 3A088B70: 'MSDM', 'GBTUACPI', Rev: 3, Len: 85
10:882  0:000    7. 3A088BC8: 'SLIC', 'GBTUACPI', Rev: 1, Len: 374
10:882  0:000    8. 3A088D40: 'SSDT', 'SaSsdt', Rev: 2, Len: 12742
10:882  0:000    9. 3A08BF08: 'SSDT', 'PegSsdt', Rev: 2, Len: 9076
10:882  0:000    10. 3A08E280: 'HPET', 'GBTUACPI', Rev: 1, Len: 56
10:882  0:000    11. 3A08E2B8: 'SSDT', 'Ther_Rvp', Rev: 2, Len: 4014
10:882  0:000    12. 3A08F268: 'SSDT', 'xh_cfht4', Rev: 2, Len: 12236
10:882  0:000    13. 3A092238: 'UEFI', 'GBTUACPI', Rev: 1, Len: 66
10:882  0:000    14. 3A092280: 'LPIT', 'GBTUACPI', Rev: 1, Len: 92
10:882  0:000    15. 3A0922E0: 'SSDT', 'PtidDevc', Rev: 2, Len: 10206
10:882  0:000    16. 3A094AC0: 'SSDT', 'TbtTypeC', Rev: 2, Len: 5522
10:882  0:000    17. 3A096058: 'DBGP', 'GBTUACPI', Rev: 1, Len: 52
10:882  0:000    18. 3A096090: 'DBG2', 'GBTUACPI', Rev: 0, Len: 84
10:882  0:000    19. 3A0960E8: 'SSDT', 'ADebTabl', Rev: 2, Len: 324
10:882  0:000    20. 3A096230: 'SSDT', 'SgPeg', Rev: 2, Len: 174
10:882  0:000    21. 3A0962E0: 'BGRT', 'GBTUACPI', Rev: 1, Len: 56
10:882  0:000    22. 3A096318: 'TPM2', 'GBTUACPI', Rev: 4, Len: 52
10:882  0:000    23. 3A096350: 'SSDT', 'OptTabl', Rev: 1, Len: 8068
10:882  0:000    24. 3A0982D8: 'DMAR', 'EDK2', Rev: 1, Len: 168
10:882  0:000    25. 3A098380: 'WSMT', 'GBTUACPI', Rev: 1, Len: 40
10:882  0:000    Tables in Rsdt: 26
10:882  0:000    0. 3A0441B8: 'FACP', 'GBTUACPI', Rev: 2, Len: 132
10:882  0:000        (Dsdt: 3A044240, Facs: 3A1BD040)
10:882  0:000        3A044240: 'DSDT', 'GBTUACPI', Rev: 2, Len: 273111
10:885  0:002        3A1BD040: 'FACS', Ver: 0, Len: 64
10:885  0:000    1. 3A086E30: 'APIC', 'GBTUACPI', Rev: 4, Len: 244
10:885  0:000    2. 3A086F28: 'FPDT', 'GBTUACPI', Rev: 1, Len: 68
10:885  0:000    3. 3A086F70: 'FIDT', 'GBTUACPI', Rev: 1, Len: 156
10:885  0:000    4. 3A087010: 'MCFG', 'GBTUACPI', Rev: 1, Len: 60
10:885  0:000    5. 3A087050: 'SSDT', 'CpuSsdt', Rev: 2, Len: 6940
10:885  0:000    6. 3A088B70: 'MSDM', 'GBTUACPI', Rev: 3, Len: 85
10:885  0:000    7. 3A088BC8: 'SLIC', 'GBTUACPI', Rev: 1, Len: 374
10:885  0:000    8. 3A088D40: 'SSDT', 'SaSsdt', Rev: 2, Len: 12742
10:885  0:000    9. 3A08BF08: 'SSDT', 'PegSsdt', Rev: 2, Len: 9076
10:885  0:000    10. 3A08E280: 'HPET', 'GBTUACPI', Rev: 1, Len: 56
10:885  0:000    11. 3A08E2B8: 'SSDT', 'Ther_Rvp', Rev: 2, Len: 4014
10:885  0:000    12. 3A08F268: 'SSDT', 'xh_cfht4', Rev: 2, Len: 12236
10:885  0:000    13. 3A092238: 'UEFI', 'GBTUACPI', Rev: 1, Len: 66
10:885  0:000    14. 3A092280: 'LPIT', 'GBTUACPI', Rev: 1, Len: 92
10:885  0:000    15. 3A0922E0: 'SSDT', 'PtidDevc', Rev: 2, Len: 10206
10:885  0:000    16. 3A094AC0: 'SSDT', 'TbtTypeC', Rev: 2, Len: 5522
10:885  0:000    17. 3A096058: 'DBGP', 'GBTUACPI', Rev: 1, Len: 52
10:885  0:000    18. 3A096090: 'DBG2', 'GBTUACPI', Rev: 0, Len: 84
10:885  0:000    19. 3A0960E8: 'SSDT', 'ADebTabl', Rev: 2, Len: 324
10:885  0:000    20. 3A096230: 'SSDT', 'SgPeg', Rev: 2, Len: 174
10:885  0:000    21. 3A0962E0: 'BGRT', 'GBTUACPI', Rev: 1, Len: 56
10:885  0:000    22. 3A096318: 'TPM2', 'GBTUACPI', Rev: 4, Len: 52
10:885  0:000    23. 3A096350: 'SSDT', 'OptTabl', Rev: 1, Len: 8068
10:885  0:000    24. 3A0982D8: 'DMAR', 'EDK2', Rev: 1, Len: 168
10:885  0:000    25. 3A098380: 'WSMT', 'GBTUACPI', Rev: 1, Len: 40
